<?xml version="1.0" encoding="UTF-8"?>
<coverage generated="1565701822690" clover="3.2.0">
  <project timestamp="1565701822690" name="All files">
    <metrics statements="300" coveredstatements="280" conditionals="71" coveredconditionals="64" methods="124" coveredmethods="108" elements="495" coveredelements="452" complexity="0" loc="300" ncloc="300" packages="7" files="20" classes="20">
      <package name="seubarrigaFinancias">
        <metrics statements="1" coveredstatements="1" conditionals="0" coveredconditionals="0" methods="0" coveredmethods="0"/>
        <file name="knexfile.js" path="/home/matheus/digitro/ambiente/workspaces/seubarrigaFinancias/knexfile.js">
          <metrics statements="1" coveredstatements="1" conditionals="0" coveredconditionals="0" methods="0" coveredmethods="0"/>
          <line num="1" count="7" type="stmt"/>
        </file>
      </package>
      <package name="seubarrigaFinancias.src">
        <metrics statements="16" coveredstatements="14" conditionals="4" coveredconditionals="3" methods="2" coveredmethods="2"/>
        <file name="app.js" path="/home/matheus/digitro/ambiente/workspaces/seubarrigaFinancias/src/app.js">
          <metrics statements="16" coveredstatements="14" conditionals="4" coveredconditionals="3" methods="2" coveredmethods="2"/>
          <line num="1" count="7" type="stmt"/>
          <line num="2" count="7" type="stmt"/>
          <line num="3" count="7" type="stmt"/>
          <line num="5" count="7" type="stmt"/>
          <line num="8" count="7" type="stmt"/>
          <line num="11" count="7" type="stmt"/>
          <line num="19" count="7" type="stmt"/>
          <line num="20" count="1" type="stmt"/>
          <line num="23" count="7" type="stmt"/>
          <line num="24" count="34" type="stmt"/>
          <line num="25" count="34" type="cond" truecount="2" falsecount="0"/>
          <line num="26" count="5" type="cond" truecount="1" falsecount="1"/>
          <line num="28" count="0" type="stmt"/>
          <line num="29" count="0" type="stmt"/>
          <line num="31" count="34" type="stmt"/>
          <line num="40" count="7" type="stmt"/>
        </file>
      </package>
      <package name="seubarrigaFinancias.src.config">
        <metrics statements="27" coveredstatements="25" conditionals="2" coveredconditionals="1" methods="7" coveredmethods="6"/>
        <file name="middlewares.js" path="/home/matheus/digitro/ambiente/workspaces/seubarrigaFinancias/src/config/middlewares.js">
          <metrics statements="3" coveredstatements="3" conditionals="0" coveredconditionals="0" methods="1" coveredmethods="1"/>
          <line num="1" count="7" type="stmt"/>
          <line num="4" count="7" type="stmt"/>
          <line num="5" count="7" type="stmt"/>
        </file>
        <file name="passport.js" path="/home/matheus/digitro/ambiente/workspaces/seubarrigaFinancias/src/config/passport.js">
          <metrics statements="14" coveredstatements="12" conditionals="2" coveredconditionals="1" methods="5" coveredmethods="4"/>
          <line num="1" count="7" type="stmt"/>
          <line num="2" count="7" type="stmt"/>
          <line num="4" count="7" type="stmt"/>
          <line num="5" count="7" type="stmt"/>
          <line num="7" count="7" type="stmt"/>
          <line num="8" count="7" type="stmt"/>
          <line num="13" count="7" type="stmt"/>
          <line num="14" count="72" type="stmt"/>
          <line num="16" count="72" type="cond" truecount="1" falsecount="1"/>
          <line num="17" count="0" type="stmt"/>
          <line num="18" count="0" type="stmt"/>
          <line num="21" count="7" type="stmt"/>
          <line num="23" count="7" type="stmt"/>
          <line num="24" count="7" type="stmt"/>
        </file>
        <file name="router.js" path="/home/matheus/digitro/ambiente/workspaces/seubarrigaFinancias/src/config/router.js">
          <metrics statements="10" coveredstatements="10" conditionals="0" coveredconditionals="0" methods="1" coveredmethods="1"/>
          <line num="1" count="7" type="stmt"/>
          <line num="3" count="7" type="stmt"/>
          <line num="4" count="7" type="stmt"/>
          <line num="5" count="7" type="stmt"/>
          <line num="7" count="7" type="stmt"/>
          <line num="8" count="7" type="stmt"/>
          <line num="9" count="7" type="stmt"/>
          <line num="10" count="7" type="stmt"/>
          <line num="11" count="7" type="stmt"/>
          <line num="13" count="7" type="stmt"/>
        </file>
      </package>
      <package name="seubarrigaFinancias.src.errors">
        <metrics statements="6" coveredstatements="6" conditionals="1" coveredconditionals="1" methods="2" coveredmethods="2"/>
        <file name="RecursoIndevidoError.js" path="/home/matheus/digitro/ambiente/workspaces/seubarrigaFinancias/src/errors/RecursoIndevidoError.js">
          <metrics statements="3" coveredstatements="3" conditionals="1" coveredconditionals="1" methods="1" coveredmethods="1"/>
          <line num="1" count="7" type="cond" truecount="1" falsecount="0"/>
          <line num="2" count="5" type="stmt"/>
          <line num="3" count="5" type="stmt"/>
        </file>
        <file name="validationError.js" path="/home/matheus/digitro/ambiente/workspaces/seubarrigaFinancias/src/errors/validationError.js">
          <metrics statements="3" coveredstatements="3" conditionals="0" coveredconditionals="0" methods="1" coveredmethods="1"/>
          <line num="1" count="7" type="stmt"/>
          <line num="2" count="29" type="stmt"/>
          <line num="3" count="29" type="stmt"/>
        </file>
      </package>
      <package name="seubarrigaFinancias.src.routes">
        <metrics statements="139" coveredstatements="123" conditionals="10" coveredconditionals="10" methods="74" coveredmethods="59"/>
        <file name="accountsRoutes.js" path="/home/matheus/digitro/ambiente/workspaces/seubarrigaFinancias/src/routes/accountsRoutes.js">
          <metrics statements="31" coveredstatements="28" conditionals="2" coveredconditionals="2" methods="19" coveredmethods="16"/>
          <line num="1" count="7" type="stmt"/>
          <line num="3" count="7" type="stmt"/>
          <line num="5" count="7" type="stmt"/>
          <line num="6" count="7" type="stmt"/>
          <line num="8" count="7" type="stmt"/>
          <line num="9" count="7" type="stmt"/>
          <line num="11" count="7" type="cond" truecount="2" falsecount="0"/>
          <line num="12" count="4" type="stmt"/>
          <line num="13" count="3" type="stmt"/>
          <line num="16" count="7" type="stmt"/>
          <line num="17" count="3" type="stmt"/>
          <line num="18" count="3" type="stmt"/>
          <line num="20" count="1" type="stmt"/>
          <line num="21" count="2" type="stmt"/>
          <line num="24" count="7" type="stmt"/>
          <line num="25" count="1" type="stmt"/>
          <line num="26" count="1" type="stmt"/>
          <line num="27" count="0" type="stmt"/>
          <line num="30" count="7" type="stmt"/>
          <line num="31" count="1" type="stmt"/>
          <line num="32" count="1" type="stmt"/>
          <line num="33" count="0" type="stmt"/>
          <line num="36" count="7" type="stmt"/>
          <line num="37" count="1" type="stmt"/>
          <line num="38" count="1" type="stmt"/>
          <line num="39" count="0" type="stmt"/>
          <line num="42" count="7" type="stmt"/>
          <line num="43" count="2" type="stmt"/>
          <line num="44" count="1" type="stmt"/>
          <line num="45" count="1" type="stmt"/>
          <line num="48" count="7" type="stmt"/>
        </file>
        <file name="auth.js" path="/home/matheus/digitro/ambiente/workspaces/seubarrigaFinancias/src/routes/auth.js">
          <metrics statements="22" coveredstatements="21" conditionals="4" coveredconditionals="4" methods="5" coveredmethods="5"/>
          <line num="1" count="7" type="stmt"/>
          <line num="2" count="7" type="stmt"/>
          <line num="3" count="7" type="stmt"/>
          <line num="4" count="7" type="stmt"/>
          <line num="6" count="7" type="stmt"/>
          <line num="8" count="7" type="stmt"/>
          <line num="9" count="7" type="stmt"/>
          <line num="11" count="7" type="stmt"/>
          <line num="12" count="3" type="stmt"/>
          <line num="14" count="3" type="cond" truecount="2" falsecount="0"/>
          <line num="15" count="2" type="cond" truecount="2" falsecount="0"/>
          <line num="16" count="1" type="stmt"/>
          <line num="21" count="1" type="stmt"/>
          <line num="22" count="1" type="stmt"/>
          <line num="23" count="1" type="stmt"/>
          <line num="24" count="2" type="stmt"/>
          <line num="27" count="7" type="stmt"/>
          <line num="28" count="1" type="stmt"/>
          <line num="29" count="1" type="stmt"/>
          <line num="30" count="1" type="stmt"/>
          <line num="32" count="0" type="stmt"/>
          <line num="36" count="7" type="stmt"/>
        </file>
        <file name="balanceRoutes.js" path="/home/matheus/digitro/ambiente/workspaces/seubarrigaFinancias/src/routes/balanceRoutes.js">
          <metrics statements="8" coveredstatements="7" conditionals="0" coveredconditionals="0" methods="4" coveredmethods="3"/>
          <line num="1" count="7" type="stmt"/>
          <line num="3" count="7" type="stmt"/>
          <line num="4" count="7" type="stmt"/>
          <line num="6" count="7" type="stmt"/>
          <line num="7" count="10" type="stmt"/>
          <line num="8" count="10" type="stmt"/>
          <line num="9" count="0" type="stmt"/>
          <line num="12" count="7" type="stmt"/>
        </file>
        <file name="transactionsRoutes.js" path="/home/matheus/digitro/ambiente/workspaces/seubarrigaFinancias/src/routes/transactionsRoutes.js">
          <metrics statements="30" coveredstatements="25" conditionals="2" coveredconditionals="2" methods="19" coveredmethods="14"/>
          <line num="1" count="7" type="stmt"/>
          <line num="3" count="7" type="stmt"/>
          <line num="5" count="7" type="stmt"/>
          <line num="6" count="7" type="stmt"/>
          <line num="8" count="7" type="stmt"/>
          <line num="9" count="4" type="stmt"/>
          <line num="11" count="4" type="cond" truecount="2" falsecount="0"/>
          <line num="12" count="1" type="stmt"/>
          <line num="13" count="1" type="stmt"/>
          <line num="16" count="7" type="stmt"/>
          <line num="17" count="2" type="stmt"/>
          <line num="18" count="2" type="stmt"/>
          <line num="19" count="0" type="stmt"/>
          <line num="22" count="7" type="stmt"/>
          <line num="23" count="16" type="stmt"/>
          <line num="24" count="10" type="stmt"/>
          <line num="25" count="0" type="stmt"/>
          <line num="28" count="7" type="stmt"/>
          <line num="29" count="1" type="stmt"/>
          <line num="30" count="1" type="stmt"/>
          <line num="31" count="0" type="stmt"/>
          <line num="34" count="7" type="stmt"/>
          <line num="35" count="1" type="stmt"/>
          <line num="36" count="1" type="stmt"/>
          <line num="37" count="0" type="stmt"/>
          <line num="40" count="7" type="stmt"/>
          <line num="41" count="1" type="stmt"/>
          <line num="42" count="1" type="stmt"/>
          <line num="43" count="0" type="stmt"/>
          <line num="46" count="7" type="stmt"/>
        </file>
        <file name="transfersRoutes.js" path="/home/matheus/digitro/ambiente/workspaces/seubarrigaFinancias/src/routes/transfersRoutes.js">
          <metrics statements="35" coveredstatements="30" conditionals="2" coveredconditionals="2" methods="22" coveredmethods="17"/>
          <line num="1" count="7" type="stmt"/>
          <line num="3" count="7" type="stmt"/>
          <line num="5" count="7" type="stmt"/>
          <line num="6" count="7" type="stmt"/>
          <line num="8" count="7" type="stmt"/>
          <line num="9" count="11" type="stmt"/>
          <line num="11" count="11" type="cond" truecount="2" falsecount="0"/>
          <line num="12" count="10" type="stmt"/>
          <line num="13" count="1" type="stmt"/>
          <line num="16" count="7" type="stmt"/>
          <line num="17" count="18" type="stmt"/>
          <line num="18" count="4" type="stmt"/>
          <line num="19" count="14" type="stmt"/>
          <line num="22" count="7" type="stmt"/>
          <line num="23" count="1" type="stmt"/>
          <line num="24" count="1" type="stmt"/>
          <line num="25" count="0" type="stmt"/>
          <line num="28" count="7" type="stmt"/>
          <line num="29" count="1" type="stmt"/>
          <line num="30" count="1" type="stmt"/>
          <line num="31" count="0" type="stmt"/>
          <line num="34" count="7" type="stmt"/>
          <line num="35" count="3" type="stmt"/>
          <line num="36" count="3" type="stmt"/>
          <line num="37" count="3" type="stmt"/>
          <line num="38" count="0" type="stmt"/>
          <line num="41" count="7" type="stmt"/>
          <line num="42" count="1" type="stmt"/>
          <line num="43" count="1" type="stmt"/>
          <line num="44" count="0" type="stmt"/>
          <line num="47" count="7" type="stmt"/>
          <line num="48" count="1" type="stmt"/>
          <line num="49" count="1" type="stmt"/>
          <line num="50" count="0" type="stmt"/>
          <line num="53" count="7" type="stmt"/>
        </file>
        <file name="userRoutes.js" path="/home/matheus/digitro/ambiente/workspaces/seubarrigaFinancias/src/routes/userRoutes.js">
          <metrics statements="13" coveredstatements="12" conditionals="0" coveredconditionals="0" methods="5" coveredmethods="4"/>
          <line num="1" count="7" type="stmt"/>
          <line num="3" count="7" type="stmt"/>
          <line num="4" count="7" type="stmt"/>
          <line num="6" count="7" type="stmt"/>
          <line num="7" count="1" type="stmt"/>
          <line num="8" count="1" type="stmt"/>
          <line num="9" count="0" type="stmt"/>
          <line num="12" count="7" type="stmt"/>
          <line num="13" count="6" type="stmt"/>
          <line num="14" count="6" type="stmt"/>
          <line num="15" count="2" type="stmt"/>
          <line num="17" count="4" type="stmt"/>
          <line num="21" count="7" type="stmt"/>
        </file>
      </package>
      <package name="seubarrigaFinancias.src.seeds">
        <metrics statements="15" coveredstatements="15" conditionals="0" coveredconditionals="0" methods="12" coveredmethods="12"/>
        <file name="01_transfer.js" path="/home/matheus/digitro/ambiente/workspaces/seubarrigaFinancias/src/seeds/01_transfer.js">
          <metrics statements="9" coveredstatements="9" conditionals="0" coveredconditionals="0" methods="8" coveredmethods="8"/>
          <line num="2" count="2" type="stmt"/>
          <line num="3" count="2" type="stmt"/>
          <line num="4" count="2" type="stmt"/>
          <line num="5" count="2" type="stmt"/>
          <line num="6" count="2" type="stmt"/>
          <line num="7" count="2" type="stmt"/>
          <line num="15" count="2" type="stmt"/>
          <line num="21" count="2" type="stmt"/>
          <line num="29" count="2" type="stmt"/>
        </file>
        <file name="02_balance.js" path="/home/matheus/digitro/ambiente/workspaces/seubarrigaFinancias/src/seeds/02_balance.js">
          <metrics statements="6" coveredstatements="6" conditionals="0" coveredconditionals="0" methods="4" coveredmethods="4"/>
          <line num="2" count="2" type="stmt"/>
          <line num="4" count="2" type="stmt"/>
          <line num="5" count="2" type="stmt"/>
          <line num="16" count="2" type="stmt"/>
          <line num="24" count="2" type="stmt"/>
          <line num="32" count="2" type="stmt"/>
        </file>
      </package>
      <package name="seubarrigaFinancias.src.services">
        <metrics statements="96" coveredstatements="96" conditionals="54" coveredconditionals="49" methods="27" coveredmethods="27"/>
        <file name="account.js" path="/home/matheus/digitro/ambiente/workspaces/seubarrigaFinancias/src/services/account.js">
          <metrics statements="18" coveredstatements="18" conditionals="8" coveredconditionals="6" methods="6" coveredmethods="6"/>
          <line num="1" count="7" type="stmt"/>
          <line num="3" count="7" type="stmt"/>
          <line num="4" count="7" type="cond" truecount="0" falsecount="1"/>
          <line num="5" count="1" type="stmt"/>
          <line num="8" count="7" type="cond" truecount="0" falsecount="1"/>
          <line num="9" count="10" type="stmt"/>
          <line num="12" count="7" type="stmt"/>
          <line num="13" count="3" type="cond" truecount="2" falsecount="0"/>
          <line num="14" count="2" type="stmt"/>
          <line num="15" count="2" type="cond" truecount="2" falsecount="0"/>
          <line num="17" count="1" type="stmt"/>
          <line num="20" count="7" type="stmt"/>
          <line num="21" count="1" type="stmt"/>
          <line num="24" count="7" type="stmt"/>
          <line num="25" count="2" type="stmt"/>
          <line num="26" count="2" type="cond" truecount="2" falsecount="0"/>
          <line num="27" count="1" type="stmt"/>
          <line num="30" count="7" type="stmt"/>
        </file>
        <file name="balance.js" path="/home/matheus/digitro/ambiente/workspaces/seubarrigaFinancias/src/services/balance.js">
          <metrics statements="4" coveredstatements="4" conditionals="0" coveredconditionals="0" methods="2" coveredmethods="2"/>
          <line num="1" count="7" type="stmt"/>
          <line num="2" count="7" type="stmt"/>
          <line num="3" count="10" type="stmt"/>
          <line num="12" count="7" type="stmt"/>
        </file>
        <file name="transactions.js" path="/home/matheus/digitro/ambiente/workspaces/seubarrigaFinancias/src/services/transactions.js">
          <metrics statements="22" coveredstatements="22" conditionals="21" coveredconditionals="21" methods="6" coveredmethods="6"/>
          <line num="1" count="7" type="stmt"/>
          <line num="3" count="7" type="stmt"/>
          <line num="4" count="7" type="cond" truecount="1" falsecount="0"/>
          <line num="5" count="6" type="stmt"/>
          <line num="12" count="7" type="stmt"/>
          <line num="13" count="3" type="stmt"/>
          <line num="18" count="7" type="stmt"/>
          <line num="19" count="16" type="cond" truecount="2" falsecount="0"/>
          <line num="20" count="15" type="cond" truecount="2" falsecount="0"/>
          <line num="21" count="14" type="cond" truecount="2" falsecount="0"/>
          <line num="22" count="13" type="cond" truecount="2" falsecount="0"/>
          <line num="23" count="12" type="cond" truecount="2" falsecount="0"/>
          <line num="24" count="11" type="cond" truecount="4" falsecount="0"/>
          <line num="27" count="10" type="stmt"/>
          <line num="28" count="10" type="cond" truecount="6" falsecount="0"/>
          <line num="29" count="5" type="stmt"/>
          <line num="31" count="10" type="stmt"/>
          <line num="35" count="7" type="stmt"/>
          <line num="36" count="1" type="stmt"/>
          <line num="41" count="7" type="stmt"/>
          <line num="42" count="1" type="stmt"/>
          <line num="47" count="7" type="stmt"/>
        </file>
        <file name="transfer.js" path="/home/matheus/digitro/ambiente/workspaces/seubarrigaFinancias/src/services/transfer.js">
          <metrics statements="32" coveredstatements="32" conditionals="16" coveredconditionals="14" methods="8" coveredmethods="8"/>
          <line num="1" count="7" type="stmt"/>
          <line num="3" count="7" type="stmt"/>
          <line num="4" count="7" type="cond" truecount="0" falsecount="1"/>
          <line num="5" count="1" type="stmt"/>
          <line num="10" count="7" type="cond" truecount="0" falsecount="1"/>
          <line num="11" count="12" type="stmt"/>
          <line num="16" count="7" type="stmt"/>
          <line num="17" count="18" type="cond" truecount="2" falsecount="0"/>
          <line num="18" count="16" type="cond" truecount="2" falsecount="0"/>
          <line num="19" count="14" type="cond" truecount="2" falsecount="0"/>
          <line num="20" count="12" type="cond" truecount="2" falsecount="0"/>
          <line num="21" count="10" type="cond" truecount="2" falsecount="0"/>
          <line num="22" count="8" type="cond" truecount="2" falsecount="0"/>
          <line num="24" count="6" type="stmt"/>
          <line num="25" count="6" type="stmt"/>
          <line num="26" count="12" type="cond" truecount="2" falsecount="0"/>
          <line num="30" count="7" type="stmt"/>
          <line num="31" count="3" type="stmt"/>
          <line num="32" count="3" type="stmt"/>
          <line num="34" count="3" type="stmt"/>
          <line num="39" count="3" type="stmt"/>
          <line num="40" count="3" type="stmt"/>
          <line num="43" count="7" type="stmt"/>
          <line num="44" count="1" type="stmt"/>
          <line num="46" count="1" type="stmt"/>
          <line num="50" count="1" type="stmt"/>
          <line num="51" count="1" type="stmt"/>
          <line num="52" count="1" type="stmt"/>
          <line num="55" count="7" type="stmt"/>
          <line num="56" count="1" type="stmt"/>
          <line num="57" count="1" type="stmt"/>
          <line num="60" count="7" type="stmt"/>
        </file>
        <file name="user.js" path="/home/matheus/digitro/ambiente/workspaces/seubarrigaFinancias/src/services/user.js">
          <metrics statements="20" coveredstatements="20" conditionals="9" coveredconditionals="8" methods="5" coveredmethods="5"/>
          <line num="1" count="7" type="stmt"/>
          <line num="2" count="7" type="stmt"/>
          <line num="4" count="7" type="stmt"/>
          <line num="5" count="7" type="stmt"/>
          <line num="6" count="1" type="stmt"/>
          <line num="9" count="7" type="cond" truecount="0" falsecount="1"/>
          <line num="10" count="85" type="stmt"/>
          <line num="13" count="7" type="stmt"/>
          <line num="14" count="8" type="stmt"/>
          <line num="15" count="8" type="stmt"/>
          <line num="18" count="7" type="stmt"/>
          <line num="19" count="12" type="cond" truecount="2" falsecount="0"/>
          <line num="20" count="11" type="cond" truecount="2" falsecount="0"/>
          <line num="21" count="10" type="cond" truecount="2" falsecount="0"/>
          <line num="23" count="9" type="stmt"/>
          <line num="24" count="9" type="cond" truecount="2" falsecount="0"/>
          <line num="26" count="8" type="stmt"/>
          <line num="27" count="8" type="stmt"/>
          <line num="28" count="8" type="stmt"/>
          <line num="31" count="7" type="stmt"/>
        </file>
      </package>
    </metrics>
  </project>
</coverage>
