{"/home/matheus/digitro/ambiente/workspaces/seubarrigaFinancias/knexfile.js": {"path":"/home/matheus/digitro/ambiente/workspaces/seubarrigaFinancias/knexfile.js","statementMap":{"0":{"start":{"line":1,"column":0},"end":{"line":18,"column":2}}},"fnMap":{},"branchMap":{},"s":{"0":7},"f":{},"b":{},"_coverageSchema":"332fd63041d2c1bcb487cc26dd0d5f7d97098a6c","hash":"2b6b8f37cdae668e8556c6852a446c0c979fb582"}
,"/home/matheus/digitro/ambiente/workspaces/seubarrigaFinancias/src/app.js": {"path":"/home/matheus/digitro/ambiente/workspaces/seubarrigaFinancias/src/app.js","statementMap":{"0":{"start":{"line":1,"column":12},"end":{"line":1,"column":32}},"1":{"start":{"line":2,"column":16},"end":{"line":2,"column":34}},"2":{"start":{"line":3,"column":13},"end":{"line":3,"column":28}},"3":{"start":{"line":5,"column":17},"end":{"line":5,"column":39}},"4":{"start":{"line":8,"column":0},"end":{"line":8,"column":29}},"5":{"start":{"line":11,"column":0},"end":{"line":17,"column":13}},"6":{"start":{"line":19,"column":0},"end":{"line":21,"column":3}},"7":{"start":{"line":20,"column":2},"end":{"line":20,"column":25}},"8":{"start":{"line":23,"column":0},"end":{"line":32,"column":3}},"9":{"start":{"line":24,"column":35},"end":{"line":24,"column":38}},"10":{"start":{"line":25,"column":2},"end":{"line":30,"column":3}},"11":{"start":{"line":25,"column":34},"end":{"line":25,"column":75}},"12":{"start":{"line":26,"column":7},"end":{"line":30,"column":3}},"13":{"start":{"line":26,"column":44},"end":{"line":26,"column":85}},"14":{"start":{"line":28,"column":4},"end":{"line":28,"column":25}},"15":{"start":{"line":29,"column":4},"end":{"line":29,"column":51}},"16":{"start":{"line":31,"column":2},"end":{"line":31,"column":12}},"17":{"start":{"line":40,"column":0},"end":{"line":40,"column":21}}},"fnMap":{"0":{"name":"(anonymous_0)","decl":{"start":{"line":19,"column":13},"end":{"line":19,"column":14}},"loc":{"start":{"line":19,"column":27},"end":{"line":21,"column":1}},"line":19},"1":{"name":"(anonymous_1)","decl":{"start":{"line":23,"column":8},"end":{"line":23,"column":9}},"loc":{"start":{"line":23,"column":33},"end":{"line":32,"column":1}},"line":23}},"branchMap":{"0":{"loc":{"start":{"line":25,"column":2},"end":{"line":30,"column":3}},"type":"if","locations":[{"start":{"line":25,"column":2},"end":{"line":30,"column":3}},{"start":{"line":25,"column":2},"end":{"line":30,"column":3}}],"line":25},"1":{"loc":{"start":{"line":26,"column":7},"end":{"line":30,"column":3}},"type":"if","locations":[{"start":{"line":26,"column":7},"end":{"line":30,"column":3}},{"start":{"line":26,"column":7},"end":{"line":30,"column":3}}],"line":26}},"s":{"0":7,"1":7,"2":7,"3":7,"4":7,"5":7,"6":7,"7":1,"8":7,"9":34,"10":34,"11":29,"12":5,"13":5,"14":0,"15":0,"16":34,"17":7},"f":{"0":1,"1":34},"b":{"0":[29,5],"1":[5,0]},"_coverageSchema":"332fd63041d2c1bcb487cc26dd0d5f7d97098a6c","hash":"122172a7fa122d02f4646ed376cb669b986aadd7"}
,"/home/matheus/digitro/ambiente/workspaces/seubarrigaFinancias/src/config/middlewares.js": {"path":"/home/matheus/digitro/ambiente/workspaces/seubarrigaFinancias/src/config/middlewares.js","statementMap":{"0":{"start":{"line":1,"column":19},"end":{"line":1,"column":41}},"1":{"start":{"line":4,"column":0},"end":{"line":7,"column":2}},"2":{"start":{"line":5,"column":2},"end":{"line":5,"column":29}}},"fnMap":{"0":{"name":"(anonymous_0)","decl":{"start":{"line":4,"column":17},"end":{"line":4,"column":18}},"loc":{"start":{"line":4,"column":26},"end":{"line":7,"column":1}},"line":4}},"branchMap":{},"s":{"0":7,"1":7,"2":7},"f":{"0":7},"b":{},"_coverageSchema":"332fd63041d2c1bcb487cc26dd0d5f7d97098a6c","hash":"97438c8e919327ae6b419e418a36351e39070377"}
,"/home/matheus/digitro/ambiente/workspaces/seubarrigaFinancias/src/config/passport.js": {"path":"/home/matheus/digitro/ambiente/workspaces/seubarrigaFinancias/src/config/passport.js","statementMap":{"0":{"start":{"line":1,"column":17},"end":{"line":1,"column":36}},"1":{"start":{"line":2,"column":20},"end":{"line":2,"column":43}},"2":{"start":{"line":4,"column":15},"end":{"line":4,"column":25}},"3":{"start":{"line":5,"column":33},"end":{"line":5,"column":44}},"4":{"start":{"line":7,"column":0},"end":{"line":26,"column":2}},"5":{"start":{"line":8,"column":17},"end":{"line":11,"column":3}},"6":{"start":{"line":13,"column":19},"end":{"line":19,"column":4}},"7":{"start":{"line":14,"column":4},"end":{"line":18,"column":40}},"8":{"start":{"line":16,"column":8},"end":{"line":17,"column":31}},"9":{"start":{"line":16,"column":18},"end":{"line":16,"column":45}},"10":{"start":{"line":17,"column":13},"end":{"line":17,"column":31}},"11":{"start":{"line":18,"column":22},"end":{"line":18,"column":38}},"12":{"start":{"line":21,"column":2},"end":{"line":21,"column":25}},"13":{"start":{"line":23,"column":2},"end":{"line":25,"column":4}},"14":{"start":{"line":24,"column":24},"end":{"line":24,"column":72}}},"fnMap":{"0":{"name":"(anonymous_0)","decl":{"start":{"line":7,"column":17},"end":{"line":7,"column":18}},"loc":{"start":{"line":7,"column":26},"end":{"line":26,"column":1}},"line":7},"1":{"name":"(anonymous_1)","decl":{"start":{"line":13,"column":40},"end":{"line":13,"column":41}},"loc":{"start":{"line":13,"column":59},"end":{"line":19,"column":3}},"line":13},"2":{"name":"(anonymous_2)","decl":{"start":{"line":15,"column":12},"end":{"line":15,"column":13}},"loc":{"start":{"line":15,"column":22},"end":{"line":18,"column":7}},"line":15},"3":{"name":"(anonymous_3)","decl":{"start":{"line":18,"column":15},"end":{"line":18,"column":16}},"loc":{"start":{"line":18,"column":22},"end":{"line":18,"column":38}},"line":18},"4":{"name":"(anonymous_4)","decl":{"start":{"line":24,"column":18},"end":{"line":24,"column":19}},"loc":{"start":{"line":24,"column":24},"end":{"line":24,"column":72}},"line":24}},"branchMap":{"0":{"loc":{"start":{"line":16,"column":8},"end":{"line":17,"column":31}},"type":"if","locations":[{"start":{"line":16,"column":8},"end":{"line":17,"column":31}},{"start":{"line":16,"column":8},"end":{"line":17,"column":31}}],"line":16}},"s":{"0":7,"1":7,"2":7,"3":7,"4":7,"5":7,"6":7,"7":72,"8":72,"9":72,"10":0,"11":0,"12":7,"13":7,"14":7},"f":{"0":7,"1":72,"2":72,"3":0,"4":7},"b":{"0":[72,0]},"_coverageSchema":"332fd63041d2c1bcb487cc26dd0d5f7d97098a6c","hash":"8c443077777917d1ab5bd79d1ea2d6edbe7e7d92"}
,"/home/matheus/digitro/ambiente/workspaces/seubarrigaFinancias/src/config/router.js": {"path":"/home/matheus/digitro/ambiente/workspaces/seubarrigaFinancias/src/config/router.js","statementMap":{"0":{"start":{"line":1,"column":16},"end":{"line":1,"column":34}},"1":{"start":{"line":3,"column":0},"end":{"line":14,"column":2}},"2":{"start":{"line":4,"column":2},"end":{"line":4,"column":36}},"3":{"start":{"line":5,"column":26},"end":{"line":5,"column":42}},"4":{"start":{"line":7,"column":2},"end":{"line":7,"column":55}},"5":{"start":{"line":8,"column":2},"end":{"line":8,"column":62}},"6":{"start":{"line":9,"column":2},"end":{"line":9,"column":70}},"7":{"start":{"line":10,"column":2},"end":{"line":10,"column":64}},"8":{"start":{"line":11,"column":2},"end":{"line":11,"column":60}},"9":{"start":{"line":13,"column":2},"end":{"line":13,"column":70}}},"fnMap":{"0":{"name":"(anonymous_0)","decl":{"start":{"line":3,"column":17},"end":{"line":3,"column":18}},"loc":{"start":{"line":3,"column":26},"end":{"line":14,"column":1}},"line":3}},"branchMap":{},"s":{"0":7,"1":7,"2":7,"3":7,"4":7,"5":7,"6":7,"7":7,"8":7,"9":7},"f":{"0":7},"b":{},"_coverageSchema":"332fd63041d2c1bcb487cc26dd0d5f7d97098a6c","hash":"c1685ab8ad441544844310ffb0f10a80a0468f67"}
,"/home/matheus/digitro/ambiente/workspaces/seubarrigaFinancias/src/errors/RecursoIndevidoError.js": {"path":"/home/matheus/digitro/ambiente/workspaces/seubarrigaFinancias/src/errors/RecursoIndevidoError.js","statementMap":{"0":{"start":{"line":1,"column":0},"end":{"line":4,"column":2}},"1":{"start":{"line":2,"column":2},"end":{"line":2,"column":37}},"2":{"start":{"line":3,"column":2},"end":{"line":3,"column":25}}},"fnMap":{"0":{"name":"recursoIndevidoError","decl":{"start":{"line":1,"column":26},"end":{"line":1,"column":46}},"loc":{"start":{"line":1,"column":97},"end":{"line":4,"column":1}},"line":1}},"branchMap":{"0":{"loc":{"start":{"line":1,"column":47},"end":{"line":1,"column":95}},"type":"default-arg","locations":[{"start":{"line":1,"column":57},"end":{"line":1,"column":95}}],"line":1}},"s":{"0":7,"1":5,"2":5},"f":{"0":5},"b":{"0":[2]},"_coverageSchema":"332fd63041d2c1bcb487cc26dd0d5f7d97098a6c","hash":"a56d2b6f380a0c5d33c733c6c22797dad899c9b4"}
,"/home/matheus/digitro/ambiente/workspaces/seubarrigaFinancias/src/errors/validationError.js": {"path":"/home/matheus/digitro/ambiente/workspaces/seubarrigaFinancias/src/errors/validationError.js","statementMap":{"0":{"start":{"line":1,"column":0},"end":{"line":4,"column":2}},"1":{"start":{"line":2,"column":2},"end":{"line":2,"column":32}},"2":{"start":{"line":3,"column":2},"end":{"line":3,"column":25}}},"fnMap":{"0":{"name":"validationError","decl":{"start":{"line":1,"column":26},"end":{"line":1,"column":41}},"loc":{"start":{"line":1,"column":51},"end":{"line":4,"column":1}},"line":1}},"branchMap":{},"s":{"0":7,"1":29,"2":29},"f":{"0":29},"b":{},"_coverageSchema":"332fd63041d2c1bcb487cc26dd0d5f7d97098a6c","hash":"cf512a080153501706487486649e3db521149be2"}
,"/home/matheus/digitro/ambiente/workspaces/seubarrigaFinancias/src/routes/accountsRoutes.js": {"path":"/home/matheus/digitro/ambiente/workspaces/seubarrigaFinancias/src/routes/accountsRoutes.js","statementMap":{"0":{"start":{"line":1,"column":16},"end":{"line":1,"column":34}},"1":{"start":{"line":3,"column":29},"end":{"line":3,"column":70}},"2":{"start":{"line":5,"column":0},"end":{"line":49,"column":2}},"3":{"start":{"line":6,"column":17},"end":{"line":6,"column":33}},"4":{"start":{"line":8,"column":2},"end":{"line":14,"column":5}},"5":{"start":{"line":9,"column":4},"end":{"line":13,"column":33}},"6":{"start":{"line":11,"column":8},"end":{"line":12,"column":20}},"7":{"start":{"line":11,"column":41},"end":{"line":11,"column":113}},"8":{"start":{"line":12,"column":13},"end":{"line":12,"column":20}},"9":{"start":{"line":13,"column":22},"end":{"line":13,"column":31}},"10":{"start":{"line":16,"column":2},"end":{"line":22,"column":5}},"11":{"start":{"line":17,"column":4},"end":{"line":17,"column":26}},"12":{"start":{"line":18,"column":4},"end":{"line":21,"column":33}},"13":{"start":{"line":20,"column":8},"end":{"line":20,"column":47}},"14":{"start":{"line":21,"column":22},"end":{"line":21,"column":31}},"15":{"start":{"line":24,"column":2},"end":{"line":28,"column":5}},"16":{"start":{"line":25,"column":4},"end":{"line":27,"column":31}},"17":{"start":{"line":26,"column":22},"end":{"line":26,"column":50}},"18":{"start":{"line":27,"column":20},"end":{"line":27,"column":29}},"19":{"start":{"line":30,"column":2},"end":{"line":34,"column":5}},"20":{"start":{"line":31,"column":4},"end":{"line":33,"column":31}},"21":{"start":{"line":32,"column":22},"end":{"line":32,"column":50}},"22":{"start":{"line":33,"column":20},"end":{"line":33,"column":29}},"23":{"start":{"line":36,"column":2},"end":{"line":40,"column":5}},"24":{"start":{"line":37,"column":4},"end":{"line":39,"column":31}},"25":{"start":{"line":38,"column":22},"end":{"line":38,"column":53}},"26":{"start":{"line":39,"column":20},"end":{"line":39,"column":29}},"27":{"start":{"line":42,"column":2},"end":{"line":46,"column":5}},"28":{"start":{"line":43,"column":4},"end":{"line":45,"column":31}},"29":{"start":{"line":44,"column":18},"end":{"line":44,"column":40}},"30":{"start":{"line":45,"column":20},"end":{"line":45,"column":29}},"31":{"start":{"line":48,"column":2},"end":{"line":48,"column":16}}},"fnMap":{"0":{"name":"(anonymous_0)","decl":{"start":{"line":5,"column":17},"end":{"line":5,"column":18}},"loc":{"start":{"line":5,"column":26},"end":{"line":49,"column":1}},"line":5},"1":{"name":"(anonymous_1)","decl":{"start":{"line":8,"column":21},"end":{"line":8,"column":22}},"loc":{"start":{"line":8,"column":41},"end":{"line":14,"column":3}},"line":8},"2":{"name":"(anonymous_2)","decl":{"start":{"line":10,"column":12},"end":{"line":10,"column":13}},"loc":{"start":{"line":10,"column":21},"end":{"line":13,"column":7}},"line":10},"3":{"name":"(anonymous_3)","decl":{"start":{"line":13,"column":15},"end":{"line":13,"column":16}},"loc":{"start":{"line":13,"column":22},"end":{"line":13,"column":31}},"line":13},"4":{"name":"(anonymous_4)","decl":{"start":{"line":16,"column":19},"end":{"line":16,"column":20}},"loc":{"start":{"line":16,"column":39},"end":{"line":22,"column":3}},"line":16},"5":{"name":"(anonymous_5)","decl":{"start":{"line":19,"column":12},"end":{"line":19,"column":13}},"loc":{"start":{"line":19,"column":24},"end":{"line":21,"column":7}},"line":19},"6":{"name":"(anonymous_6)","decl":{"start":{"line":21,"column":15},"end":{"line":21,"column":16}},"loc":{"start":{"line":21,"column":22},"end":{"line":21,"column":31}},"line":21},"7":{"name":"(anonymous_7)","decl":{"start":{"line":24,"column":18},"end":{"line":24,"column":19}},"loc":{"start":{"line":24,"column":38},"end":{"line":28,"column":3}},"line":24},"8":{"name":"(anonymous_8)","decl":{"start":{"line":26,"column":12},"end":{"line":26,"column":13}},"loc":{"start":{"line":26,"column":22},"end":{"line":26,"column":50}},"line":26},"9":{"name":"(anonymous_9)","decl":{"start":{"line":27,"column":13},"end":{"line":27,"column":14}},"loc":{"start":{"line":27,"column":20},"end":{"line":27,"column":29}},"line":27},"10":{"name":"(anonymous_10)","decl":{"start":{"line":30,"column":21},"end":{"line":30,"column":22}},"loc":{"start":{"line":30,"column":41},"end":{"line":34,"column":3}},"line":30},"11":{"name":"(anonymous_11)","decl":{"start":{"line":32,"column":12},"end":{"line":32,"column":13}},"loc":{"start":{"line":32,"column":22},"end":{"line":32,"column":50}},"line":32},"12":{"name":"(anonymous_12)","decl":{"start":{"line":33,"column":13},"end":{"line":33,"column":14}},"loc":{"start":{"line":33,"column":20},"end":{"line":33,"column":29}},"line":33},"13":{"name":"(anonymous_13)","decl":{"start":{"line":36,"column":21},"end":{"line":36,"column":22}},"loc":{"start":{"line":36,"column":41},"end":{"line":40,"column":3}},"line":36},"14":{"name":"(anonymous_14)","decl":{"start":{"line":38,"column":12},"end":{"line":38,"column":13}},"loc":{"start":{"line":38,"column":22},"end":{"line":38,"column":53}},"line":38},"15":{"name":"(anonymous_15)","decl":{"start":{"line":39,"column":13},"end":{"line":39,"column":14}},"loc":{"start":{"line":39,"column":20},"end":{"line":39,"column":29}},"line":39},"16":{"name":"(anonymous_16)","decl":{"start":{"line":42,"column":24},"end":{"line":42,"column":25}},"loc":{"start":{"line":42,"column":44},"end":{"line":46,"column":3}},"line":42},"17":{"name":"(anonymous_17)","decl":{"start":{"line":44,"column":12},"end":{"line":44,"column":13}},"loc":{"start":{"line":44,"column":18},"end":{"line":44,"column":40}},"line":44},"18":{"name":"(anonymous_18)","decl":{"start":{"line":45,"column":13},"end":{"line":45,"column":14}},"loc":{"start":{"line":45,"column":20},"end":{"line":45,"column":29}},"line":45}},"branchMap":{"0":{"loc":{"start":{"line":11,"column":8},"end":{"line":12,"column":20}},"type":"if","locations":[{"start":{"line":11,"column":8},"end":{"line":12,"column":20}},{"start":{"line":11,"column":8},"end":{"line":12,"column":20}}],"line":11}},"s":{"0":7,"1":7,"2":7,"3":7,"4":7,"5":7,"6":7,"7":3,"8":4,"9":3,"10":7,"11":3,"12":3,"13":1,"14":2,"15":7,"16":1,"17":1,"18":0,"19":7,"20":1,"21":1,"22":0,"23":7,"24":1,"25":1,"26":0,"27":7,"28":2,"29":1,"30":1,"31":7},"f":{"0":7,"1":7,"2":7,"3":3,"4":3,"5":1,"6":2,"7":1,"8":1,"9":0,"10":1,"11":1,"12":0,"13":1,"14":1,"15":0,"16":2,"17":1,"18":1},"b":{"0":[3,4]},"_coverageSchema":"332fd63041d2c1bcb487cc26dd0d5f7d97098a6c","hash":"6d39c6a09c8e1e7215456b7476745a1e89d4d10c"}
,"/home/matheus/digitro/ambiente/workspaces/seubarrigaFinancias/src/routes/auth.js": {"path":"/home/matheus/digitro/ambiente/workspaces/seubarrigaFinancias/src/routes/auth.js","statementMap":{"0":{"start":{"line":1,"column":16},"end":{"line":1,"column":34}},"1":{"start":{"line":2,"column":12},"end":{"line":2,"column":33}},"2":{"start":{"line":3,"column":15},"end":{"line":3,"column":39}},"3":{"start":{"line":4,"column":24},"end":{"line":4,"column":60}},"4":{"start":{"line":6,"column":15},"end":{"line":6,"column":25}},"5":{"start":{"line":8,"column":0},"end":{"line":37,"column":2}},"6":{"start":{"line":9,"column":17},"end":{"line":9,"column":33}},"7":{"start":{"line":11,"column":2},"end":{"line":25,"column":5}},"8":{"start":{"line":12,"column":4},"end":{"line":24,"column":33}},"9":{"start":{"line":14,"column":8},"end":{"line":14,"column":74}},"10":{"start":{"line":14,"column":19},"end":{"line":14,"column":74}},"11":{"start":{"line":15,"column":8},"end":{"line":23,"column":70}},"12":{"start":{"line":16,"column":26},"end":{"line":20,"column":11}},"13":{"start":{"line":21,"column":24},"end":{"line":21,"column":51}},"14":{"start":{"line":22,"column":10},"end":{"line":22,"column":42}},"15":{"start":{"line":23,"column":15},"end":{"line":23,"column":70}},"16":{"start":{"line":24,"column":22},"end":{"line":24,"column":31}},"17":{"start":{"line":27,"column":2},"end":{"line":34,"column":5}},"18":{"start":{"line":28,"column":4},"end":{"line":33,"column":5}},"19":{"start":{"line":29,"column":21},"end":{"line":29,"column":59}},"20":{"start":{"line":30,"column":6},"end":{"line":30,"column":45}},"21":{"start":{"line":32,"column":6},"end":{"line":32,"column":23}},"22":{"start":{"line":36,"column":2},"end":{"line":36,"column":16}}},"fnMap":{"0":{"name":"(anonymous_0)","decl":{"start":{"line":8,"column":17},"end":{"line":8,"column":18}},"loc":{"start":{"line":8,"column":26},"end":{"line":37,"column":1}},"line":8},"1":{"name":"(anonymous_1)","decl":{"start":{"line":11,"column":25},"end":{"line":11,"column":26}},"loc":{"start":{"line":11,"column":45},"end":{"line":25,"column":3}},"line":11},"2":{"name":"(anonymous_2)","decl":{"start":{"line":13,"column":12},"end":{"line":13,"column":13}},"loc":{"start":{"line":13,"column":22},"end":{"line":24,"column":7}},"line":13},"3":{"name":"(anonymous_3)","decl":{"start":{"line":24,"column":15},"end":{"line":24,"column":16}},"loc":{"start":{"line":24,"column":22},"end":{"line":24,"column":31}},"line":24},"4":{"name":"(anonymous_4)","decl":{"start":{"line":27,"column":25},"end":{"line":27,"column":26}},"loc":{"start":{"line":27,"column":51},"end":{"line":34,"column":3}},"line":27}},"branchMap":{"0":{"loc":{"start":{"line":14,"column":8},"end":{"line":14,"column":74}},"type":"if","locations":[{"start":{"line":14,"column":8},"end":{"line":14,"column":74}},{"start":{"line":14,"column":8},"end":{"line":14,"column":74}}],"line":14},"1":{"loc":{"start":{"line":15,"column":8},"end":{"line":23,"column":70}},"type":"if","locations":[{"start":{"line":15,"column":8},"end":{"line":23,"column":70}},{"start":{"line":15,"column":8},"end":{"line":23,"column":70}}],"line":15}},"s":{"0":7,"1":7,"2":7,"3":7,"4":7,"5":7,"6":7,"7":7,"8":3,"9":3,"10":1,"11":2,"12":1,"13":1,"14":1,"15":1,"16":2,"17":7,"18":1,"19":1,"20":1,"21":0,"22":7},"f":{"0":7,"1":3,"2":3,"3":2,"4":1},"b":{"0":[1,2],"1":[1,1]},"_coverageSchema":"332fd63041d2c1bcb487cc26dd0d5f7d97098a6c","hash":"9b307371f086c7b7581a5ab22048177456b142b8"}
,"/home/matheus/digitro/ambiente/workspaces/seubarrigaFinancias/src/routes/balanceRoutes.js": {"path":"/home/matheus/digitro/ambiente/workspaces/seubarrigaFinancias/src/routes/balanceRoutes.js","statementMap":{"0":{"start":{"line":1,"column":16},"end":{"line":1,"column":34}},"1":{"start":{"line":3,"column":0},"end":{"line":13,"column":2}},"2":{"start":{"line":4,"column":17},"end":{"line":4,"column":33}},"3":{"start":{"line":6,"column":2},"end":{"line":10,"column":5}},"4":{"start":{"line":7,"column":4},"end":{"line":9,"column":31}},"5":{"start":{"line":8,"column":22},"end":{"line":8,"column":50}},"6":{"start":{"line":9,"column":20},"end":{"line":9,"column":29}},"7":{"start":{"line":12,"column":2},"end":{"line":12,"column":16}}},"fnMap":{"0":{"name":"(anonymous_0)","decl":{"start":{"line":3,"column":17},"end":{"line":3,"column":18}},"loc":{"start":{"line":3,"column":26},"end":{"line":13,"column":1}},"line":3},"1":{"name":"(anonymous_1)","decl":{"start":{"line":6,"column":18},"end":{"line":6,"column":19}},"loc":{"start":{"line":6,"column":38},"end":{"line":10,"column":3}},"line":6},"2":{"name":"(anonymous_2)","decl":{"start":{"line":8,"column":12},"end":{"line":8,"column":13}},"loc":{"start":{"line":8,"column":22},"end":{"line":8,"column":50}},"line":8},"3":{"name":"(anonymous_3)","decl":{"start":{"line":9,"column":13},"end":{"line":9,"column":14}},"loc":{"start":{"line":9,"column":20},"end":{"line":9,"column":29}},"line":9}},"branchMap":{},"s":{"0":7,"1":7,"2":7,"3":7,"4":10,"5":10,"6":0,"7":7},"f":{"0":7,"1":10,"2":10,"3":0},"b":{},"_coverageSchema":"332fd63041d2c1bcb487cc26dd0d5f7d97098a6c","hash":"becfb587952764f8565dcce2401b2d2dee90813b"}
,"/home/matheus/digitro/ambiente/workspaces/seubarrigaFinancias/src/routes/transactionsRoutes.js": {"path":"/home/matheus/digitro/ambiente/workspaces/seubarrigaFinancias/src/routes/transactionsRoutes.js","statementMap":{"0":{"start":{"line":1,"column":16},"end":{"line":1,"column":34}},"1":{"start":{"line":3,"column":29},"end":{"line":3,"column":70}},"2":{"start":{"line":5,"column":0},"end":{"line":47,"column":2}},"3":{"start":{"line":6,"column":17},"end":{"line":6,"column":33}},"4":{"start":{"line":8,"column":2},"end":{"line":14,"column":5}},"5":{"start":{"line":9,"column":4},"end":{"line":13,"column":33}},"6":{"start":{"line":11,"column":8},"end":{"line":12,"column":46}},"7":{"start":{"line":11,"column":31},"end":{"line":11,"column":38}},"8":{"start":{"line":12,"column":13},"end":{"line":12,"column":46}},"9":{"start":{"line":13,"column":22},"end":{"line":13,"column":31}},"10":{"start":{"line":16,"column":2},"end":{"line":20,"column":5}},"11":{"start":{"line":17,"column":4},"end":{"line":19,"column":31}},"12":{"start":{"line":18,"column":22},"end":{"line":18,"column":50}},"13":{"start":{"line":19,"column":20},"end":{"line":19,"column":29}},"14":{"start":{"line":22,"column":2},"end":{"line":26,"column":5}},"15":{"start":{"line":23,"column":4},"end":{"line":25,"column":31}},"16":{"start":{"line":24,"column":22},"end":{"line":24,"column":53}},"17":{"start":{"line":25,"column":20},"end":{"line":25,"column":29}},"18":{"start":{"line":28,"column":2},"end":{"line":32,"column":5}},"19":{"start":{"line":29,"column":4},"end":{"line":31,"column":31}},"20":{"start":{"line":30,"column":22},"end":{"line":30,"column":50}},"21":{"start":{"line":31,"column":20},"end":{"line":31,"column":29}},"22":{"start":{"line":34,"column":2},"end":{"line":38,"column":5}},"23":{"start":{"line":35,"column":4},"end":{"line":37,"column":31}},"24":{"start":{"line":36,"column":22},"end":{"line":36,"column":53}},"25":{"start":{"line":37,"column":20},"end":{"line":37,"column":29}},"26":{"start":{"line":40,"column":2},"end":{"line":44,"column":5}},"27":{"start":{"line":41,"column":4},"end":{"line":43,"column":31}},"28":{"start":{"line":42,"column":18},"end":{"line":42,"column":40}},"29":{"start":{"line":43,"column":20},"end":{"line":43,"column":29}},"30":{"start":{"line":46,"column":2},"end":{"line":46,"column":16}}},"fnMap":{"0":{"name":"(anonymous_0)","decl":{"start":{"line":5,"column":17},"end":{"line":5,"column":18}},"loc":{"start":{"line":5,"column":26},"end":{"line":47,"column":1}},"line":5},"1":{"name":"(anonymous_1)","decl":{"start":{"line":8,"column":21},"end":{"line":8,"column":22}},"loc":{"start":{"line":8,"column":41},"end":{"line":14,"column":3}},"line":8},"2":{"name":"(anonymous_2)","decl":{"start":{"line":10,"column":12},"end":{"line":10,"column":13}},"loc":{"start":{"line":10,"column":24},"end":{"line":13,"column":7}},"line":10},"3":{"name":"(anonymous_3)","decl":{"start":{"line":13,"column":15},"end":{"line":13,"column":16}},"loc":{"start":{"line":13,"column":22},"end":{"line":13,"column":31}},"line":13},"4":{"name":"(anonymous_4)","decl":{"start":{"line":16,"column":18},"end":{"line":16,"column":19}},"loc":{"start":{"line":16,"column":38},"end":{"line":20,"column":3}},"line":16},"5":{"name":"(anonymous_5)","decl":{"start":{"line":18,"column":12},"end":{"line":18,"column":13}},"loc":{"start":{"line":18,"column":22},"end":{"line":18,"column":50}},"line":18},"6":{"name":"(anonymous_6)","decl":{"start":{"line":19,"column":13},"end":{"line":19,"column":14}},"loc":{"start":{"line":19,"column":20},"end":{"line":19,"column":29}},"line":19},"7":{"name":"(anonymous_7)","decl":{"start":{"line":22,"column":19},"end":{"line":22,"column":20}},"loc":{"start":{"line":22,"column":39},"end":{"line":26,"column":3}},"line":22},"8":{"name":"(anonymous_8)","decl":{"start":{"line":24,"column":12},"end":{"line":24,"column":13}},"loc":{"start":{"line":24,"column":22},"end":{"line":24,"column":53}},"line":24},"9":{"name":"(anonymous_9)","decl":{"start":{"line":25,"column":13},"end":{"line":25,"column":14}},"loc":{"start":{"line":25,"column":20},"end":{"line":25,"column":29}},"line":25},"10":{"name":"(anonymous_10)","decl":{"start":{"line":28,"column":21},"end":{"line":28,"column":22}},"loc":{"start":{"line":28,"column":41},"end":{"line":32,"column":3}},"line":28},"11":{"name":"(anonymous_11)","decl":{"start":{"line":30,"column":12},"end":{"line":30,"column":13}},"loc":{"start":{"line":30,"column":22},"end":{"line":30,"column":50}},"line":30},"12":{"name":"(anonymous_12)","decl":{"start":{"line":31,"column":13},"end":{"line":31,"column":14}},"loc":{"start":{"line":31,"column":20},"end":{"line":31,"column":29}},"line":31},"13":{"name":"(anonymous_13)","decl":{"start":{"line":34,"column":21},"end":{"line":34,"column":22}},"loc":{"start":{"line":34,"column":41},"end":{"line":38,"column":3}},"line":34},"14":{"name":"(anonymous_14)","decl":{"start":{"line":36,"column":12},"end":{"line":36,"column":13}},"loc":{"start":{"line":36,"column":22},"end":{"line":36,"column":53}},"line":36},"15":{"name":"(anonymous_15)","decl":{"start":{"line":37,"column":13},"end":{"line":37,"column":14}},"loc":{"start":{"line":37,"column":20},"end":{"line":37,"column":29}},"line":37},"16":{"name":"(anonymous_16)","decl":{"start":{"line":40,"column":24},"end":{"line":40,"column":25}},"loc":{"start":{"line":40,"column":44},"end":{"line":44,"column":3}},"line":40},"17":{"name":"(anonymous_17)","decl":{"start":{"line":42,"column":12},"end":{"line":42,"column":13}},"loc":{"start":{"line":42,"column":18},"end":{"line":42,"column":40}},"line":42},"18":{"name":"(anonymous_18)","decl":{"start":{"line":43,"column":13},"end":{"line":43,"column":14}},"loc":{"start":{"line":43,"column":20},"end":{"line":43,"column":29}},"line":43}},"branchMap":{"0":{"loc":{"start":{"line":11,"column":8},"end":{"line":12,"column":46}},"type":"if","locations":[{"start":{"line":11,"column":8},"end":{"line":12,"column":46}},{"start":{"line":11,"column":8},"end":{"line":12,"column":46}}],"line":11}},"s":{"0":7,"1":7,"2":7,"3":7,"4":7,"5":4,"6":4,"7":3,"8":1,"9":1,"10":7,"11":2,"12":2,"13":0,"14":7,"15":16,"16":10,"17":0,"18":7,"19":1,"20":1,"21":0,"22":7,"23":1,"24":1,"25":0,"26":7,"27":1,"28":1,"29":0,"30":7},"f":{"0":7,"1":4,"2":4,"3":1,"4":2,"5":2,"6":0,"7":16,"8":10,"9":0,"10":1,"11":1,"12":0,"13":1,"14":1,"15":0,"16":1,"17":1,"18":0},"b":{"0":[3,1]},"_coverageSchema":"332fd63041d2c1bcb487cc26dd0d5f7d97098a6c","hash":"1531ad007de13ab40796535b0fd3a1ee01ffb941"}
,"/home/matheus/digitro/ambiente/workspaces/seubarrigaFinancias/src/routes/transfersRoutes.js": {"path":"/home/matheus/digitro/ambiente/workspaces/seubarrigaFinancias/src/routes/transfersRoutes.js","statementMap":{"0":{"start":{"line":1,"column":16},"end":{"line":1,"column":34}},"1":{"start":{"line":3,"column":29},"end":{"line":3,"column":70}},"2":{"start":{"line":5,"column":0},"end":{"line":54,"column":2}},"3":{"start":{"line":6,"column":17},"end":{"line":6,"column":33}},"4":{"start":{"line":8,"column":2},"end":{"line":14,"column":5}},"5":{"start":{"line":9,"column":4},"end":{"line":13,"column":33}},"6":{"start":{"line":11,"column":8},"end":{"line":11,"column":76}},"7":{"start":{"line":11,"column":43},"end":{"line":11,"column":76}},"8":{"start":{"line":12,"column":8},"end":{"line":12,"column":15}},"9":{"start":{"line":13,"column":22},"end":{"line":13,"column":31}},"10":{"start":{"line":16,"column":19},"end":{"line":20,"column":3}},"11":{"start":{"line":17,"column":4},"end":{"line":19,"column":31}},"12":{"start":{"line":18,"column":18},"end":{"line":18,"column":24}},"13":{"start":{"line":19,"column":20},"end":{"line":19,"column":29}},"14":{"start":{"line":22,"column":2},"end":{"line":26,"column":5}},"15":{"start":{"line":23,"column":4},"end":{"line":25,"column":31}},"16":{"start":{"line":24,"column":22},"end":{"line":24,"column":50}},"17":{"start":{"line":25,"column":20},"end":{"line":25,"column":29}},"18":{"start":{"line":28,"column":2},"end":{"line":32,"column":5}},"19":{"start":{"line":29,"column":4},"end":{"line":31,"column":31}},"20":{"start":{"line":30,"column":22},"end":{"line":30,"column":50}},"21":{"start":{"line":31,"column":20},"end":{"line":31,"column":29}},"22":{"start":{"line":34,"column":2},"end":{"line":39,"column":5}},"23":{"start":{"line":35,"column":21},"end":{"line":35,"column":58}},"24":{"start":{"line":36,"column":4},"end":{"line":38,"column":31}},"25":{"start":{"line":37,"column":22},"end":{"line":37,"column":53}},"26":{"start":{"line":38,"column":20},"end":{"line":38,"column":29}},"27":{"start":{"line":41,"column":2},"end":{"line":45,"column":5}},"28":{"start":{"line":42,"column":4},"end":{"line":44,"column":31}},"29":{"start":{"line":43,"column":22},"end":{"line":43,"column":53}},"30":{"start":{"line":44,"column":20},"end":{"line":44,"column":29}},"31":{"start":{"line":47,"column":2},"end":{"line":51,"column":5}},"32":{"start":{"line":48,"column":4},"end":{"line":50,"column":31}},"33":{"start":{"line":49,"column":18},"end":{"line":49,"column":40}},"34":{"start":{"line":50,"column":20},"end":{"line":50,"column":29}},"35":{"start":{"line":53,"column":2},"end":{"line":53,"column":16}}},"fnMap":{"0":{"name":"(anonymous_0)","decl":{"start":{"line":5,"column":17},"end":{"line":5,"column":18}},"loc":{"start":{"line":5,"column":26},"end":{"line":54,"column":1}},"line":5},"1":{"name":"(anonymous_1)","decl":{"start":{"line":8,"column":21},"end":{"line":8,"column":22}},"loc":{"start":{"line":8,"column":41},"end":{"line":14,"column":3}},"line":8},"2":{"name":"(anonymous_2)","decl":{"start":{"line":10,"column":12},"end":{"line":10,"column":13}},"loc":{"start":{"line":10,"column":24},"end":{"line":13,"column":7}},"line":10},"3":{"name":"(anonymous_3)","decl":{"start":{"line":13,"column":15},"end":{"line":13,"column":16}},"loc":{"start":{"line":13,"column":22},"end":{"line":13,"column":31}},"line":13},"4":{"name":"(anonymous_4)","decl":{"start":{"line":16,"column":19},"end":{"line":16,"column":20}},"loc":{"start":{"line":16,"column":39},"end":{"line":20,"column":3}},"line":16},"5":{"name":"(anonymous_5)","decl":{"start":{"line":18,"column":12},"end":{"line":18,"column":13}},"loc":{"start":{"line":18,"column":18},"end":{"line":18,"column":24}},"line":18},"6":{"name":"(anonymous_6)","decl":{"start":{"line":19,"column":13},"end":{"line":19,"column":14}},"loc":{"start":{"line":19,"column":20},"end":{"line":19,"column":29}},"line":19},"7":{"name":"(anonymous_7)","decl":{"start":{"line":22,"column":18},"end":{"line":22,"column":19}},"loc":{"start":{"line":22,"column":38},"end":{"line":26,"column":3}},"line":22},"8":{"name":"(anonymous_8)","decl":{"start":{"line":24,"column":12},"end":{"line":24,"column":13}},"loc":{"start":{"line":24,"column":22},"end":{"line":24,"column":50}},"line":24},"9":{"name":"(anonymous_9)","decl":{"start":{"line":25,"column":13},"end":{"line":25,"column":14}},"loc":{"start":{"line":25,"column":20},"end":{"line":25,"column":29}},"line":25},"10":{"name":"(anonymous_10)","decl":{"start":{"line":28,"column":21},"end":{"line":28,"column":22}},"loc":{"start":{"line":28,"column":41},"end":{"line":32,"column":3}},"line":28},"11":{"name":"(anonymous_11)","decl":{"start":{"line":30,"column":12},"end":{"line":30,"column":13}},"loc":{"start":{"line":30,"column":22},"end":{"line":30,"column":50}},"line":30},"12":{"name":"(anonymous_12)","decl":{"start":{"line":31,"column":13},"end":{"line":31,"column":14}},"loc":{"start":{"line":31,"column":20},"end":{"line":31,"column":29}},"line":31},"13":{"name":"(anonymous_13)","decl":{"start":{"line":34,"column":29},"end":{"line":34,"column":30}},"loc":{"start":{"line":34,"column":49},"end":{"line":39,"column":3}},"line":34},"14":{"name":"(anonymous_14)","decl":{"start":{"line":37,"column":12},"end":{"line":37,"column":13}},"loc":{"start":{"line":37,"column":22},"end":{"line":37,"column":53}},"line":37},"15":{"name":"(anonymous_15)","decl":{"start":{"line":38,"column":13},"end":{"line":38,"column":14}},"loc":{"start":{"line":38,"column":20},"end":{"line":38,"column":29}},"line":38},"16":{"name":"(anonymous_16)","decl":{"start":{"line":41,"column":31},"end":{"line":41,"column":32}},"loc":{"start":{"line":41,"column":51},"end":{"line":45,"column":3}},"line":41},"17":{"name":"(anonymous_17)","decl":{"start":{"line":43,"column":12},"end":{"line":43,"column":13}},"loc":{"start":{"line":43,"column":22},"end":{"line":43,"column":53}},"line":43},"18":{"name":"(anonymous_18)","decl":{"start":{"line":44,"column":13},"end":{"line":44,"column":14}},"loc":{"start":{"line":44,"column":20},"end":{"line":44,"column":29}},"line":44},"19":{"name":"(anonymous_19)","decl":{"start":{"line":47,"column":24},"end":{"line":47,"column":25}},"loc":{"start":{"line":47,"column":44},"end":{"line":51,"column":3}},"line":47},"20":{"name":"(anonymous_20)","decl":{"start":{"line":49,"column":12},"end":{"line":49,"column":13}},"loc":{"start":{"line":49,"column":18},"end":{"line":49,"column":40}},"line":49},"21":{"name":"(anonymous_21)","decl":{"start":{"line":50,"column":13},"end":{"line":50,"column":14}},"loc":{"start":{"line":50,"column":20},"end":{"line":50,"column":29}},"line":50}},"branchMap":{"0":{"loc":{"start":{"line":11,"column":8},"end":{"line":11,"column":76}},"type":"if","locations":[{"start":{"line":11,"column":8},"end":{"line":11,"column":76}},{"start":{"line":11,"column":8},"end":{"line":11,"column":76}}],"line":11}},"s":{"0":7,"1":7,"2":7,"3":7,"4":7,"5":11,"6":11,"7":1,"8":10,"9":1,"10":7,"11":18,"12":4,"13":14,"14":7,"15":1,"16":1,"17":0,"18":7,"19":1,"20":1,"21":0,"22":7,"23":3,"24":3,"25":3,"26":0,"27":7,"28":1,"29":1,"30":0,"31":7,"32":1,"33":1,"34":0,"35":7},"f":{"0":7,"1":11,"2":11,"3":1,"4":18,"5":4,"6":14,"7":1,"8":1,"9":0,"10":1,"11":1,"12":0,"13":3,"14":3,"15":0,"16":1,"17":1,"18":0,"19":1,"20":1,"21":0},"b":{"0":[1,10]},"_coverageSchema":"332fd63041d2c1bcb487cc26dd0d5f7d97098a6c","hash":"09119415dc05fefb979df55b4d30c59da912d715"}
,"/home/matheus/digitro/ambiente/workspaces/seubarrigaFinancias/src/routes/userRoutes.js": {"path":"/home/matheus/digitro/ambiente/workspaces/seubarrigaFinancias/src/routes/userRoutes.js","statementMap":{"0":{"start":{"line":1,"column":16},"end":{"line":1,"column":34}},"1":{"start":{"line":3,"column":0},"end":{"line":22,"column":2}},"2":{"start":{"line":4,"column":17},"end":{"line":4,"column":33}},"3":{"start":{"line":6,"column":2},"end":{"line":10,"column":5}},"4":{"start":{"line":7,"column":4},"end":{"line":9,"column":31}},"5":{"start":{"line":8,"column":22},"end":{"line":8,"column":50}},"6":{"start":{"line":9,"column":20},"end":{"line":9,"column":29}},"7":{"start":{"line":12,"column":2},"end":{"line":19,"column":5}},"8":{"start":{"line":13,"column":4},"end":{"line":18,"column":5}},"9":{"start":{"line":14,"column":21},"end":{"line":14,"column":59}},"10":{"start":{"line":15,"column":6},"end":{"line":15,"column":45}},"11":{"start":{"line":17,"column":6},"end":{"line":17,"column":23}},"12":{"start":{"line":21,"column":2},"end":{"line":21,"column":16}}},"fnMap":{"0":{"name":"(anonymous_0)","decl":{"start":{"line":3,"column":17},"end":{"line":3,"column":18}},"loc":{"start":{"line":3,"column":26},"end":{"line":22,"column":1}},"line":3},"1":{"name":"(anonymous_1)","decl":{"start":{"line":6,"column":18},"end":{"line":6,"column":19}},"loc":{"start":{"line":6,"column":38},"end":{"line":10,"column":3}},"line":6},"2":{"name":"(anonymous_2)","decl":{"start":{"line":8,"column":12},"end":{"line":8,"column":13}},"loc":{"start":{"line":8,"column":22},"end":{"line":8,"column":50}},"line":8},"3":{"name":"(anonymous_3)","decl":{"start":{"line":9,"column":13},"end":{"line":9,"column":14}},"loc":{"start":{"line":9,"column":20},"end":{"line":9,"column":29}},"line":9},"4":{"name":"(anonymous_4)","decl":{"start":{"line":12,"column":19},"end":{"line":12,"column":20}},"loc":{"start":{"line":12,"column":45},"end":{"line":19,"column":3}},"line":12}},"branchMap":{},"s":{"0":7,"1":7,"2":7,"3":7,"4":1,"5":1,"6":0,"7":7,"8":6,"9":6,"10":2,"11":4,"12":7},"f":{"0":7,"1":1,"2":1,"3":0,"4":6},"b":{},"_coverageSchema":"332fd63041d2c1bcb487cc26dd0d5f7d97098a6c","hash":"0f760d5d0554209c18ac1e04b89d5e2eecab3d98"}
,"/home/matheus/digitro/ambiente/workspaces/seubarrigaFinancias/src/seeds/01_transfer.js": {"path":"/home/matheus/digitro/ambiente/workspaces/seubarrigaFinancias/src/seeds/01_transfer.js","statementMap":{"0":{"start":{"line":2,"column":0},"end":{"line":43,"column":2}},"1":{"start":{"line":3,"column":2},"end":{"line":42,"column":8}},"2":{"start":{"line":4,"column":16},"end":{"line":4,"column":39}},"3":{"start":{"line":5,"column":16},"end":{"line":5,"column":38}},"4":{"start":{"line":6,"column":16},"end":{"line":6,"column":35}},"5":{"start":{"line":7,"column":16},"end":{"line":14,"column":6}},"6":{"start":{"line":15,"column":16},"end":{"line":20,"column":6}},"7":{"start":{"line":21,"column":16},"end":{"line":28,"column":6}},"8":{"start":{"line":29,"column":16},"end":{"line":42,"column":6}}},"fnMap":{"0":{"name":"(anonymous_0)","decl":{"start":{"line":2,"column":15},"end":{"line":2,"column":16}},"loc":{"start":{"line":2,"column":25},"end":{"line":43,"column":1}},"line":2},"1":{"name":"(anonymous_1)","decl":{"start":{"line":4,"column":10},"end":{"line":4,"column":11}},"loc":{"start":{"line":4,"column":16},"end":{"line":4,"column":39}},"line":4},"2":{"name":"(anonymous_2)","decl":{"start":{"line":5,"column":10},"end":{"line":5,"column":11}},"loc":{"start":{"line":5,"column":16},"end":{"line":5,"column":38}},"line":5},"3":{"name":"(anonymous_3)","decl":{"start":{"line":6,"column":10},"end":{"line":6,"column":11}},"loc":{"start":{"line":6,"column":16},"end":{"line":6,"column":35}},"line":6},"4":{"name":"(anonymous_4)","decl":{"start":{"line":7,"column":10},"end":{"line":7,"column":11}},"loc":{"start":{"line":7,"column":16},"end":{"line":14,"column":6}},"line":7},"5":{"name":"(anonymous_5)","decl":{"start":{"line":15,"column":10},"end":{"line":15,"column":11}},"loc":{"start":{"line":15,"column":16},"end":{"line":20,"column":6}},"line":15},"6":{"name":"(anonymous_6)","decl":{"start":{"line":21,"column":10},"end":{"line":21,"column":11}},"loc":{"start":{"line":21,"column":16},"end":{"line":28,"column":6}},"line":21},"7":{"name":"(anonymous_7)","decl":{"start":{"line":29,"column":10},"end":{"line":29,"column":11}},"loc":{"start":{"line":29,"column":16},"end":{"line":42,"column":6}},"line":29}},"branchMap":{},"s":{"0":2,"1":2,"2":2,"3":2,"4":2,"5":2,"6":2,"7":2,"8":2},"f":{"0":2,"1":2,"2":2,"3":2,"4":2,"5":2,"6":2,"7":2},"b":{},"_coverageSchema":"332fd63041d2c1bcb487cc26dd0d5f7d97098a6c","hash":"c5d4c710f5221cda337f825ec916fb5cecdd9aa5"}
,"/home/matheus/digitro/ambiente/workspaces/seubarrigaFinancias/src/seeds/02_balance.js": {"path":"/home/matheus/digitro/ambiente/workspaces/seubarrigaFinancias/src/seeds/02_balance.js","statementMap":{"0":{"start":{"line":2,"column":15},"end":{"line":2,"column":32}},"1":{"start":{"line":4,"column":0},"end":{"line":67,"column":2}},"2":{"start":{"line":5,"column":2},"end":{"line":66,"column":8}},"3":{"start":{"line":16,"column":16},"end":{"line":23,"column":6}},"4":{"start":{"line":24,"column":16},"end":{"line":31,"column":6}},"5":{"start":{"line":32,"column":16},"end":{"line":66,"column":6}}},"fnMap":{"0":{"name":"(anonymous_0)","decl":{"start":{"line":4,"column":15},"end":{"line":4,"column":16}},"loc":{"start":{"line":4,"column":25},"end":{"line":67,"column":1}},"line":4},"1":{"name":"(anonymous_1)","decl":{"start":{"line":16,"column":10},"end":{"line":16,"column":11}},"loc":{"start":{"line":16,"column":16},"end":{"line":23,"column":6}},"line":16},"2":{"name":"(anonymous_2)","decl":{"start":{"line":24,"column":10},"end":{"line":24,"column":11}},"loc":{"start":{"line":24,"column":16},"end":{"line":31,"column":6}},"line":24},"3":{"name":"(anonymous_3)","decl":{"start":{"line":32,"column":10},"end":{"line":32,"column":11}},"loc":{"start":{"line":32,"column":16},"end":{"line":66,"column":6}},"line":32}},"branchMap":{},"s":{"0":2,"1":2,"2":2,"3":2,"4":2,"5":2},"f":{"0":2,"1":2,"2":2,"3":2},"b":{},"_coverageSchema":"332fd63041d2c1bcb487cc26dd0d5f7d97098a6c","hash":"671d382743eb3fdeabf4033ddd9aed903e6cc1ba"}
,"/home/matheus/digitro/ambiente/workspaces/seubarrigaFinancias/src/services/account.js": {"path":"/home/matheus/digitro/ambiente/workspaces/seubarrigaFinancias/src/services/account.js","statementMap":{"0":{"start":{"line":1,"column":24},"end":{"line":1,"column":60}},"1":{"start":{"line":3,"column":0},"end":{"line":33,"column":2}},"2":{"start":{"line":4,"column":18},"end":{"line":6,"column":3}},"3":{"start":{"line":5,"column":4},"end":{"line":5,"column":44}},"4":{"start":{"line":8,"column":15},"end":{"line":10,"column":3}},"5":{"start":{"line":9,"column":4},"end":{"line":9,"column":52}},"6":{"start":{"line":12,"column":15},"end":{"line":18,"column":3}},"7":{"start":{"line":13,"column":4},"end":{"line":13,"column":83}},"8":{"start":{"line":13,"column":23},"end":{"line":13,"column":83}},"9":{"start":{"line":14,"column":24},"end":{"line":14,"column":84}},"10":{"start":{"line":15,"column":4},"end":{"line":15,"column":84}},"11":{"start":{"line":15,"column":21},"end":{"line":15,"column":84}},"12":{"start":{"line":17,"column":4},"end":{"line":17,"column":51}},"13":{"start":{"line":20,"column":17},"end":{"line":22,"column":3}},"14":{"start":{"line":21,"column":4},"end":{"line":21,"column":65}},"15":{"start":{"line":24,"column":17},"end":{"line":28,"column":3}},"16":{"start":{"line":25,"column":25},"end":{"line":25,"column":80}},"17":{"start":{"line":26,"column":4},"end":{"line":26,"column":91}},"18":{"start":{"line":26,"column":22},"end":{"line":26,"column":91}},"19":{"start":{"line":27,"column":4},"end":{"line":27,"column":50}},"20":{"start":{"line":30,"column":2},"end":{"line":32,"column":4}}},"fnMap":{"0":{"name":"(anonymous_0)","decl":{"start":{"line":3,"column":17},"end":{"line":3,"column":18}},"loc":{"start":{"line":3,"column":26},"end":{"line":33,"column":1}},"line":3},"1":{"name":"(anonymous_1)","decl":{"start":{"line":4,"column":18},"end":{"line":4,"column":19}},"loc":{"start":{"line":4,"column":35},"end":{"line":6,"column":3}},"line":4},"2":{"name":"(anonymous_2)","decl":{"start":{"line":8,"column":15},"end":{"line":8,"column":16}},"loc":{"start":{"line":8,"column":32},"end":{"line":10,"column":3}},"line":8},"3":{"name":"(anonymous_3)","decl":{"start":{"line":12,"column":15},"end":{"line":12,"column":16}},"loc":{"start":{"line":12,"column":34},"end":{"line":18,"column":3}},"line":12},"4":{"name":"(anonymous_4)","decl":{"start":{"line":20,"column":17},"end":{"line":20,"column":18}},"loc":{"start":{"line":20,"column":34},"end":{"line":22,"column":3}},"line":20},"5":{"name":"(anonymous_5)","decl":{"start":{"line":24,"column":17},"end":{"line":24,"column":18}},"loc":{"start":{"line":24,"column":31},"end":{"line":28,"column":3}},"line":24}},"branchMap":{"0":{"loc":{"start":{"line":4,"column":19},"end":{"line":4,"column":30}},"type":"default-arg","locations":[{"start":{"line":4,"column":28},"end":{"line":4,"column":30}}],"line":4},"1":{"loc":{"start":{"line":8,"column":16},"end":{"line":8,"column":27}},"type":"default-arg","locations":[{"start":{"line":8,"column":25},"end":{"line":8,"column":27}}],"line":8},"2":{"loc":{"start":{"line":13,"column":4},"end":{"line":13,"column":83}},"type":"if","locations":[{"start":{"line":13,"column":4},"end":{"line":13,"column":83}},{"start":{"line":13,"column":4},"end":{"line":13,"column":83}}],"line":13},"3":{"loc":{"start":{"line":15,"column":4},"end":{"line":15,"column":84}},"type":"if","locations":[{"start":{"line":15,"column":4},"end":{"line":15,"column":84}},{"start":{"line":15,"column":4},"end":{"line":15,"column":84}}],"line":15},"4":{"loc":{"start":{"line":26,"column":4},"end":{"line":26,"column":91}},"type":"if","locations":[{"start":{"line":26,"column":4},"end":{"line":26,"column":91}},{"start":{"line":26,"column":4},"end":{"line":26,"column":91}}],"line":26}},"s":{"0":7,"1":7,"2":7,"3":1,"4":7,"5":10,"6":7,"7":3,"8":1,"9":2,"10":2,"11":1,"12":1,"13":7,"14":1,"15":7,"16":2,"17":2,"18":1,"19":1,"20":7},"f":{"0":7,"1":1,"2":10,"3":3,"4":1,"5":2},"b":{"0":[0],"1":[0],"2":[1,2],"3":[1,1],"4":[1,1]},"_coverageSchema":"332fd63041d2c1bcb487cc26dd0d5f7d97098a6c","hash":"c0846d8a516ece3511101a42556b82e60a70026f"}
,"/home/matheus/digitro/ambiente/workspaces/seubarrigaFinancias/src/services/balance.js": {"path":"/home/matheus/digitro/ambiente/workspaces/seubarrigaFinancias/src/services/balance.js","statementMap":{"0":{"start":{"line":1,"column":0},"end":{"line":13,"column":2}},"1":{"start":{"line":2,"column":19},"end":{"line":10,"column":3}},"2":{"start":{"line":3,"column":4},"end":{"line":9,"column":25}},"3":{"start":{"line":12,"column":2},"end":{"line":12,"column":22}}},"fnMap":{"0":{"name":"(anonymous_0)","decl":{"start":{"line":1,"column":17},"end":{"line":1,"column":18}},"loc":{"start":{"line":1,"column":26},"end":{"line":13,"column":1}},"line":1},"1":{"name":"(anonymous_1)","decl":{"start":{"line":2,"column":19},"end":{"line":2,"column":20}},"loc":{"start":{"line":2,"column":31},"end":{"line":10,"column":3}},"line":2}},"branchMap":{},"s":{"0":7,"1":7,"2":10,"3":7},"f":{"0":7,"1":10},"b":{},"_coverageSchema":"332fd63041d2c1bcb487cc26dd0d5f7d97098a6c","hash":"50ac305c6205745823f3ad3fb9e56b1f795b4630"}
,"/home/matheus/digitro/ambiente/workspaces/seubarrigaFinancias/src/services/transactions.js": {"path":"/home/matheus/digitro/ambiente/workspaces/seubarrigaFinancias/src/services/transactions.js","statementMap":{"0":{"start":{"line":1,"column":24},"end":{"line":1,"column":60}},"1":{"start":{"line":3,"column":0},"end":{"line":50,"column":2}},"2":{"start":{"line":4,"column":15},"end":{"line":10,"column":3}},"3":{"start":{"line":5,"column":4},"end":{"line":9,"column":16}},"4":{"start":{"line":12,"column":18},"end":{"line":16,"column":3}},"5":{"start":{"line":13,"column":4},"end":{"line":15,"column":15}},"6":{"start":{"line":18,"column":15},"end":{"line":33,"column":3}},"7":{"start":{"line":19,"column":4},"end":{"line":19,"column":99}},"8":{"start":{"line":19,"column":34},"end":{"line":19,"column":99}},"9":{"start":{"line":20,"column":4},"end":{"line":20,"column":91}},"10":{"start":{"line":20,"column":30},"end":{"line":20,"column":91}},"11":{"start":{"line":21,"column":4},"end":{"line":21,"column":87}},"12":{"start":{"line":21,"column":27},"end":{"line":21,"column":87}},"13":{"start":{"line":22,"column":4},"end":{"line":22,"column":90}},"14":{"start":{"line":22,"column":29},"end":{"line":22,"column":90}},"15":{"start":{"line":23,"column":4},"end":{"line":23,"column":87}},"16":{"start":{"line":23,"column":27},"end":{"line":23,"column":87}},"17":{"start":{"line":24,"column":4},"end":{"line":24,"column":117}},"18":{"start":{"line":24,"column":65},"end":{"line":24,"column":117}},"19":{"start":{"line":27,"column":27},"end":{"line":27,"column":45}},"20":{"start":{"line":28,"column":4},"end":{"line":30,"column":5}},"21":{"start":{"line":29,"column":6},"end":{"line":29,"column":35}},"22":{"start":{"line":31,"column":4},"end":{"line":32,"column":35}},"23":{"start":{"line":35,"column":17},"end":{"line":39,"column":3}},"24":{"start":{"line":36,"column":4},"end":{"line":38,"column":32}},"25":{"start":{"line":41,"column":17},"end":{"line":45,"column":3}},"26":{"start":{"line":42,"column":4},"end":{"line":44,"column":13}},"27":{"start":{"line":47,"column":2},"end":{"line":49,"column":4}}},"fnMap":{"0":{"name":"(anonymous_0)","decl":{"start":{"line":3,"column":17},"end":{"line":3,"column":18}},"loc":{"start":{"line":3,"column":26},"end":{"line":50,"column":1}},"line":3},"1":{"name":"(anonymous_1)","decl":{"start":{"line":4,"column":15},"end":{"line":4,"column":16}},"loc":{"start":{"line":4,"column":40},"end":{"line":10,"column":3}},"line":4},"2":{"name":"(anonymous_2)","decl":{"start":{"line":12,"column":18},"end":{"line":12,"column":19}},"loc":{"start":{"line":12,"column":30},"end":{"line":16,"column":3}},"line":12},"3":{"name":"(anonymous_3)","decl":{"start":{"line":18,"column":15},"end":{"line":18,"column":16}},"loc":{"start":{"line":18,"column":32},"end":{"line":33,"column":3}},"line":18},"4":{"name":"(anonymous_4)","decl":{"start":{"line":35,"column":17},"end":{"line":35,"column":18}},"loc":{"start":{"line":35,"column":38},"end":{"line":39,"column":3}},"line":35},"5":{"name":"(anonymous_5)","decl":{"start":{"line":41,"column":17},"end":{"line":41,"column":18}},"loc":{"start":{"line":41,"column":25},"end":{"line":45,"column":3}},"line":41}},"branchMap":{"0":{"loc":{"start":{"line":4,"column":24},"end":{"line":4,"column":35}},"type":"default-arg","locations":[{"start":{"line":4,"column":33},"end":{"line":4,"column":35}}],"line":4},"1":{"loc":{"start":{"line":19,"column":4},"end":{"line":19,"column":99}},"type":"if","locations":[{"start":{"line":19,"column":4},"end":{"line":19,"column":99}},{"start":{"line":19,"column":4},"end":{"line":19,"column":99}}],"line":19},"2":{"loc":{"start":{"line":20,"column":4},"end":{"line":20,"column":91}},"type":"if","locations":[{"start":{"line":20,"column":4},"end":{"line":20,"column":91}},{"start":{"line":20,"column":4},"end":{"line":20,"column":91}}],"line":20},"3":{"loc":{"start":{"line":21,"column":4},"end":{"line":21,"column":87}},"type":"if","locations":[{"start":{"line":21,"column":4},"end":{"line":21,"column":87}},{"start":{"line":21,"column":4},"end":{"line":21,"column":87}}],"line":21},"4":{"loc":{"start":{"line":22,"column":4},"end":{"line":22,"column":90}},"type":"if","locations":[{"start":{"line":22,"column":4},"end":{"line":22,"column":90}},{"start":{"line":22,"column":4},"end":{"line":22,"column":90}}],"line":22},"5":{"loc":{"start":{"line":23,"column":4},"end":{"line":23,"column":87}},"type":"if","locations":[{"start":{"line":23,"column":4},"end":{"line":23,"column":87}},{"start":{"line":23,"column":4},"end":{"line":23,"column":87}}],"line":23},"6":{"loc":{"start":{"line":24,"column":4},"end":{"line":24,"column":117}},"type":"if","locations":[{"start":{"line":24,"column":4},"end":{"line":24,"column":117}},{"start":{"line":24,"column":4},"end":{"line":24,"column":117}}],"line":24},"7":{"loc":{"start":{"line":24,"column":10},"end":{"line":24,"column":62}},"type":"binary-expr","locations":[{"start":{"line":24,"column":10},"end":{"line":24,"column":34}},{"start":{"line":24,"column":38},"end":{"line":24,"column":62}}],"line":24},"8":{"loc":{"start":{"line":28,"column":4},"end":{"line":30,"column":5}},"type":"if","locations":[{"start":{"line":28,"column":4},"end":{"line":30,"column":5}},{"start":{"line":28,"column":4},"end":{"line":30,"column":5}}],"line":28},"9":{"loc":{"start":{"line":28,"column":8},"end":{"line":28,"column":118}},"type":"binary-expr","locations":[{"start":{"line":28,"column":9},"end":{"line":28,"column":33}},{"start":{"line":28,"column":37},"end":{"line":28,"column":60}},{"start":{"line":28,"column":66},"end":{"line":28,"column":90}},{"start":{"line":28,"column":94},"end":{"line":28,"column":117}}],"line":28}},"s":{"0":7,"1":7,"2":7,"3":6,"4":7,"5":3,"6":7,"7":16,"8":1,"9":15,"10":1,"11":14,"12":1,"13":13,"14":1,"15":12,"16":1,"17":11,"18":1,"19":10,"20":10,"21":5,"22":10,"23":7,"24":1,"25":7,"26":1,"27":7},"f":{"0":7,"1":6,"2":3,"3":16,"4":1,"5":1},"b":{"0":[2],"1":[1,15],"2":[1,14],"3":[1,13],"4":[1,12],"5":[1,11],"6":[1,10],"7":[11,5],"8":[5,5],"9":[10,6,9,4]},"_coverageSchema":"332fd63041d2c1bcb487cc26dd0d5f7d97098a6c","hash":"3d3ac7a1a880cf25d1dc213b9fe51f123462a475"}
,"/home/matheus/digitro/ambiente/workspaces/seubarrigaFinancias/src/services/transfer.js": {"path":"/home/matheus/digitro/ambiente/workspaces/seubarrigaFinancias/src/services/transfer.js","statementMap":{"0":{"start":{"line":1,"column":24},"end":{"line":1,"column":60}},"1":{"start":{"line":3,"column":0},"end":{"line":61,"column":1}},"2":{"start":{"line":4,"column":15},"end":{"line":8,"column":3}},"3":{"start":{"line":5,"column":4},"end":{"line":7,"column":16}},"4":{"start":{"line":10,"column":18},"end":{"line":14,"column":3}},"5":{"start":{"line":11,"column":4},"end":{"line":13,"column":15}},"6":{"start":{"line":16,"column":19},"end":{"line":28,"column":3}},"7":{"start":{"line":17,"column":4},"end":{"line":17,"column":96}},"8":{"start":{"line":17,"column":31},"end":{"line":17,"column":96}},"9":{"start":{"line":18,"column":4},"end":{"line":18,"column":88}},"10":{"start":{"line":18,"column":27},"end":{"line":18,"column":88}},"11":{"start":{"line":19,"column":4},"end":{"line":19,"column":84}},"12":{"start":{"line":19,"column":24},"end":{"line":19,"column":84}},"13":{"start":{"line":20,"column":4},"end":{"line":20,"column":101}},"14":{"start":{"line":20,"column":30},"end":{"line":20,"column":101}},"15":{"start":{"line":21,"column":4},"end":{"line":21,"column":103}},"16":{"start":{"line":21,"column":31},"end":{"line":21,"column":103}},"17":{"start":{"line":22,"column":4},"end":{"line":22,"column":137}},"18":{"start":{"line":22,"column":54},"end":{"line":22,"column":137}},"19":{"start":{"line":24,"column":21},"end":{"line":24,"column":104}},"20":{"start":{"line":25,"column":4},"end":{"line":27,"column":7}},"21":{"start":{"line":26,"column":6},"end":{"line":26,"column":128}},"22":{"start":{"line":26,"column":58},"end":{"line":26,"column":128}},"23":{"start":{"line":30,"column":15},"end":{"line":41,"column":3}},"24":{"start":{"line":31,"column":19},"end":{"line":31,"column":66}},"25":{"start":{"line":32,"column":23},"end":{"line":32,"column":35}},"26":{"start":{"line":34,"column":25},"end":{"line":37,"column":5}},"27":{"start":{"line":39,"column":4},"end":{"line":39,"column":54}},"28":{"start":{"line":40,"column":4},"end":{"line":40,"column":18}},"29":{"start":{"line":43,"column":17},"end":{"line":53,"column":3}},"30":{"start":{"line":44,"column":19},"end":{"line":44,"column":80}},"31":{"start":{"line":46,"column":25},"end":{"line":49,"column":5}},"32":{"start":{"line":50,"column":4},"end":{"line":50,"column":66}},"33":{"start":{"line":51,"column":4},"end":{"line":51,"column":54}},"34":{"start":{"line":52,"column":4},"end":{"line":52,"column":18}},"35":{"start":{"line":55,"column":17},"end":{"line":58,"column":3}},"36":{"start":{"line":56,"column":4},"end":{"line":56,"column":65}},"37":{"start":{"line":57,"column":4},"end":{"line":57,"column":50}},"38":{"start":{"line":60,"column":2},"end":{"line":60,"column":59}}},"fnMap":{"0":{"name":"(anonymous_0)","decl":{"start":{"line":3,"column":17},"end":{"line":3,"column":18}},"loc":{"start":{"line":3,"column":26},"end":{"line":61,"column":1}},"line":3},"1":{"name":"(anonymous_1)","decl":{"start":{"line":4,"column":15},"end":{"line":4,"column":16}},"loc":{"start":{"line":4,"column":32},"end":{"line":8,"column":3}},"line":4},"2":{"name":"(anonymous_2)","decl":{"start":{"line":10,"column":18},"end":{"line":10,"column":19}},"loc":{"start":{"line":10,"column":35},"end":{"line":14,"column":3}},"line":10},"3":{"name":"(anonymous_3)","decl":{"start":{"line":16,"column":19},"end":{"line":16,"column":20}},"loc":{"start":{"line":16,"column":39},"end":{"line":28,"column":3}},"line":16},"4":{"name":"(anonymous_4)","decl":{"start":{"line":25,"column":21},"end":{"line":25,"column":22}},"loc":{"start":{"line":25,"column":30},"end":{"line":27,"column":5}},"line":25},"5":{"name":"(anonymous_5)","decl":{"start":{"line":30,"column":15},"end":{"line":30,"column":16}},"loc":{"start":{"line":30,"column":35},"end":{"line":41,"column":3}},"line":30},"6":{"name":"(anonymous_6)","decl":{"start":{"line":43,"column":17},"end":{"line":43,"column":18}},"loc":{"start":{"line":43,"column":41},"end":{"line":53,"column":3}},"line":43},"7":{"name":"(anonymous_7)","decl":{"start":{"line":55,"column":17},"end":{"line":55,"column":18}},"loc":{"start":{"line":55,"column":31},"end":{"line":58,"column":3}},"line":55}},"branchMap":{"0":{"loc":{"start":{"line":4,"column":16},"end":{"line":4,"column":27}},"type":"default-arg","locations":[{"start":{"line":4,"column":25},"end":{"line":4,"column":27}}],"line":4},"1":{"loc":{"start":{"line":10,"column":19},"end":{"line":10,"column":30}},"type":"default-arg","locations":[{"start":{"line":10,"column":28},"end":{"line":10,"column":30}}],"line":10},"2":{"loc":{"start":{"line":17,"column":4},"end":{"line":17,"column":96}},"type":"if","locations":[{"start":{"line":17,"column":4},"end":{"line":17,"column":96}},{"start":{"line":17,"column":4},"end":{"line":17,"column":96}}],"line":17},"3":{"loc":{"start":{"line":18,"column":4},"end":{"line":18,"column":88}},"type":"if","locations":[{"start":{"line":18,"column":4},"end":{"line":18,"column":88}},{"start":{"line":18,"column":4},"end":{"line":18,"column":88}}],"line":18},"4":{"loc":{"start":{"line":19,"column":4},"end":{"line":19,"column":84}},"type":"if","locations":[{"start":{"line":19,"column":4},"end":{"line":19,"column":84}},{"start":{"line":19,"column":4},"end":{"line":19,"column":84}}],"line":19},"5":{"loc":{"start":{"line":20,"column":4},"end":{"line":20,"column":101}},"type":"if","locations":[{"start":{"line":20,"column":4},"end":{"line":20,"column":101}},{"start":{"line":20,"column":4},"end":{"line":20,"column":101}}],"line":20},"6":{"loc":{"start":{"line":21,"column":4},"end":{"line":21,"column":103}},"type":"if","locations":[{"start":{"line":21,"column":4},"end":{"line":21,"column":103}},{"start":{"line":21,"column":4},"end":{"line":21,"column":103}}],"line":21},"7":{"loc":{"start":{"line":22,"column":4},"end":{"line":22,"column":137}},"type":"if","locations":[{"start":{"line":22,"column":4},"end":{"line":22,"column":137}},{"start":{"line":22,"column":4},"end":{"line":22,"column":137}}],"line":22},"8":{"loc":{"start":{"line":26,"column":6},"end":{"line":26,"column":128}},"type":"if","locations":[{"start":{"line":26,"column":6},"end":{"line":26,"column":128}},{"start":{"line":26,"column":6},"end":{"line":26,"column":128}}],"line":26}},"s":{"0":7,"1":7,"2":7,"3":1,"4":7,"5":12,"6":7,"7":18,"8":2,"9":16,"10":2,"11":14,"12":2,"13":12,"14":2,"15":10,"16":2,"17":8,"18":2,"19":6,"20":6,"21":12,"22":2,"23":7,"24":3,"25":3,"26":3,"27":3,"28":3,"29":7,"30":1,"31":1,"32":1,"33":1,"34":1,"35":7,"36":1,"37":1,"38":7},"f":{"0":7,"1":1,"2":12,"3":18,"4":12,"5":3,"6":1,"7":1},"b":{"0":[0],"1":[0],"2":[2,16],"3":[2,14],"4":[2,12],"5":[2,10],"6":[2,8],"7":[2,6],"8":[2,10]},"_coverageSchema":"332fd63041d2c1bcb487cc26dd0d5f7d97098a6c","hash":"77b0d605c017c1cfda23cd139f244dd2de03bced"}
,"/home/matheus/digitro/ambiente/workspaces/seubarrigaFinancias/src/services/user.js": {"path":"/home/matheus/digitro/ambiente/workspaces/seubarrigaFinancias/src/services/user.js","statementMap":{"0":{"start":{"line":1,"column":15},"end":{"line":1,"column":39}},"1":{"start":{"line":2,"column":24},"end":{"line":2,"column":60}},"2":{"start":{"line":4,"column":0},"end":{"line":32,"column":2}},"3":{"start":{"line":5,"column":18},"end":{"line":7,"column":3}},"4":{"start":{"line":6,"column":4},"end":{"line":6,"column":58}},"5":{"start":{"line":9,"column":18},"end":{"line":11,"column":3}},"6":{"start":{"line":10,"column":4},"end":{"line":10,"column":49}},"7":{"start":{"line":13,"column":24},"end":{"line":16,"column":3}},"8":{"start":{"line":14,"column":17},"end":{"line":14,"column":39}},"9":{"start":{"line":15,"column":4},"end":{"line":15,"column":41}},"10":{"start":{"line":18,"column":15},"end":{"line":29,"column":3}},"11":{"start":{"line":19,"column":4},"end":{"line":19,"column":80}},"12":{"start":{"line":19,"column":20},"end":{"line":19,"column":80}},"13":{"start":{"line":20,"column":4},"end":{"line":20,"column":81}},"14":{"start":{"line":20,"column":20},"end":{"line":20,"column":81}},"15":{"start":{"line":21,"column":4},"end":{"line":21,"column":83}},"16":{"start":{"line":21,"column":22},"end":{"line":21,"column":83}},"17":{"start":{"line":23,"column":19},"end":{"line":23,"column":53}},"18":{"start":{"line":24,"column":4},"end":{"line":24,"column":81}},"19":{"start":{"line":24,"column":16},"end":{"line":24,"column":81}},"20":{"start":{"line":26,"column":20},"end":{"line":26,"column":31}},"21":{"start":{"line":27,"column":4},"end":{"line":27,"column":48}},"22":{"start":{"line":28,"column":4},"end":{"line":28,"column":67}},"23":{"start":{"line":31,"column":2},"end":{"line":31,"column":36}}},"fnMap":{"0":{"name":"(anonymous_0)","decl":{"start":{"line":4,"column":17},"end":{"line":4,"column":18}},"loc":{"start":{"line":4,"column":26},"end":{"line":32,"column":1}},"line":4},"1":{"name":"(anonymous_1)","decl":{"start":{"line":5,"column":18},"end":{"line":5,"column":19}},"loc":{"start":{"line":5,"column":24},"end":{"line":7,"column":3}},"line":5},"2":{"name":"(anonymous_2)","decl":{"start":{"line":9,"column":18},"end":{"line":9,"column":19}},"loc":{"start":{"line":9,"column":35},"end":{"line":11,"column":3}},"line":9},"3":{"name":"(anonymous_3)","decl":{"start":{"line":13,"column":24},"end":{"line":13,"column":25}},"loc":{"start":{"line":13,"column":36},"end":{"line":16,"column":3}},"line":13},"4":{"name":"(anonymous_4)","decl":{"start":{"line":18,"column":15},"end":{"line":18,"column":16}},"loc":{"start":{"line":18,"column":31},"end":{"line":29,"column":3}},"line":18}},"branchMap":{"0":{"loc":{"start":{"line":9,"column":19},"end":{"line":9,"column":30}},"type":"default-arg","locations":[{"start":{"line":9,"column":28},"end":{"line":9,"column":30}}],"line":9},"1":{"loc":{"start":{"line":19,"column":4},"end":{"line":19,"column":80}},"type":"if","locations":[{"start":{"line":19,"column":4},"end":{"line":19,"column":80}},{"start":{"line":19,"column":4},"end":{"line":19,"column":80}}],"line":19},"2":{"loc":{"start":{"line":20,"column":4},"end":{"line":20,"column":81}},"type":"if","locations":[{"start":{"line":20,"column":4},"end":{"line":20,"column":81}},{"start":{"line":20,"column":4},"end":{"line":20,"column":81}}],"line":20},"3":{"loc":{"start":{"line":21,"column":4},"end":{"line":21,"column":83}},"type":"if","locations":[{"start":{"line":21,"column":4},"end":{"line":21,"column":83}},{"start":{"line":21,"column":4},"end":{"line":21,"column":83}}],"line":21},"4":{"loc":{"start":{"line":24,"column":4},"end":{"line":24,"column":81}},"type":"if","locations":[{"start":{"line":24,"column":4},"end":{"line":24,"column":81}},{"start":{"line":24,"column":4},"end":{"line":24,"column":81}}],"line":24}},"s":{"0":7,"1":7,"2":7,"3":7,"4":1,"5":7,"6":85,"7":7,"8":8,"9":8,"10":7,"11":12,"12":1,"13":11,"14":1,"15":10,"16":1,"17":9,"18":9,"19":1,"20":8,"21":8,"22":8,"23":7},"f":{"0":7,"1":1,"2":85,"3":8,"4":12},"b":{"0":[0],"1":[1,11],"2":[1,10],"3":[1,9],"4":[1,8]},"_coverageSchema":"332fd63041d2c1bcb487cc26dd0d5f7d97098a6c","hash":"1fbe31a8133e9a56590c5dd136554926f08426f3"}
}
